{"E:\\HtmlAcademy\\1326685-what-to-watch-4\\src\\const.js": {"path":"E:\\HtmlAcademy\\1326685-what-to-watch-4\\src\\const.js","statementMap":{"0":{"start":{"line":1,"column":26},"end":{"line":1,"column":29}},"1":{"start":{"line":3,"column":30},"end":{"line":3,"column":34}},"2":{"start":{"line":5,"column":35},"end":{"line":5,"column":36}},"3":{"start":{"line":6,"column":39},"end":{"line":6,"column":40}},"4":{"start":{"line":7,"column":32},"end":{"line":7,"column":33}},"5":{"start":{"line":9,"column":29},"end":{"line":9,"column":41}},"6":{"start":{"line":11,"column":20},"end":{"line":15,"column":1}},"7":{"start":{"line":17,"column":27},"end":{"line":30,"column":1}}},"fnMap":{},"branchMap":{},"s":{"0":13,"1":13,"2":13,"3":13,"4":13,"5":13,"6":13,"7":13},"f":{},"b":{},"_coverageSchema":"1a1c01bbd47fc00a2c39e90264f33305004495a9","hash":"62117cba11479df55582e4ad881f38ad543e5001"}
,"E:\\HtmlAcademy\\1326685-what-to-watch-4\\src\\reducer.js": {"path":"E:\\HtmlAcademy\\1326685-what-to-watch-4\\src\\reducer.js","statementMap":{"0":{"start":{"line":6,"column":19},"end":{"line":6,"column":111}},"1":{"start":{"line":6,"column":71},"end":{"line":6,"column":81}},"2":{"start":{"line":8,"column":21},"end":{"line":16,"column":1}},"3":{"start":{"line":18,"column":19},"end":{"line":25,"column":1}},"4":{"start":{"line":27,"column":22},"end":{"line":52,"column":1}},"5":{"start":{"line":28,"column":34},"end":{"line":31,"column":3}},"6":{"start":{"line":32,"column":30},"end":{"line":35,"column":3}},"7":{"start":{"line":36,"column":29},"end":{"line":39,"column":3}},"8":{"start":{"line":40,"column":36},"end":{"line":43,"column":3}},"9":{"start":{"line":44,"column":29},"end":{"line":47,"column":3}},"10":{"start":{"line":48,"column":27},"end":{"line":51,"column":3}},"11":{"start":{"line":54,"column":16},"end":{"line":83,"column":1}},"12":{"start":{"line":55,"column":2},"end":{"line":80,"column":3}},"13":{"start":{"line":57,"column":6},"end":{"line":59,"column":9}},"14":{"start":{"line":61,"column":6},"end":{"line":63,"column":9}},"15":{"start":{"line":65,"column":6},"end":{"line":67,"column":9}},"16":{"start":{"line":69,"column":6},"end":{"line":71,"column":9}},"17":{"start":{"line":73,"column":6},"end":{"line":75,"column":9}},"18":{"start":{"line":77,"column":6},"end":{"line":79,"column":9}},"19":{"start":{"line":82,"column":2},"end":{"line":82,"column":15}}},"fnMap":{"0":{"name":"(anonymous_0)","decl":{"start":{"line":6,"column":61},"end":{"line":6,"column":62}},"loc":{"start":{"line":6,"column":71},"end":{"line":6,"column":81}},"line":6},"1":{"name":"(anonymous_1)","decl":{"start":{"line":28,"column":22},"end":{"line":28,"column":23}},"loc":{"start":{"line":28,"column":34},"end":{"line":31,"column":3}},"line":28},"2":{"name":"(anonymous_2)","decl":{"start":{"line":32,"column":18},"end":{"line":32,"column":19}},"loc":{"start":{"line":32,"column":30},"end":{"line":35,"column":3}},"line":32},"3":{"name":"(anonymous_3)","decl":{"start":{"line":36,"column":22},"end":{"line":36,"column":23}},"loc":{"start":{"line":36,"column":29},"end":{"line":39,"column":3}},"line":36},"4":{"name":"(anonymous_4)","decl":{"start":{"line":40,"column":29},"end":{"line":40,"column":30}},"loc":{"start":{"line":40,"column":36},"end":{"line":43,"column":3}},"line":40},"5":{"name":"(anonymous_5)","decl":{"start":{"line":44,"column":22},"end":{"line":44,"column":23}},"loc":{"start":{"line":44,"column":29},"end":{"line":47,"column":3}},"line":44},"6":{"name":"(anonymous_6)","decl":{"start":{"line":48,"column":20},"end":{"line":48,"column":21}},"loc":{"start":{"line":48,"column":27},"end":{"line":51,"column":3}},"line":48},"7":{"name":"(anonymous_7)","decl":{"start":{"line":54,"column":16},"end":{"line":54,"column":17}},"loc":{"start":{"line":54,"column":50},"end":{"line":83,"column":1}},"line":54}},"branchMap":{"0":{"loc":{"start":{"line":54,"column":17},"end":{"line":54,"column":37}},"type":"default-arg","locations":[{"start":{"line":54,"column":25},"end":{"line":54,"column":37}}],"line":54},"1":{"loc":{"start":{"line":55,"column":2},"end":{"line":80,"column":3}},"type":"switch","locations":[{"start":{"line":56,"column":4},"end":{"line":59,"column":9}},{"start":{"line":60,"column":4},"end":{"line":63,"column":9}},{"start":{"line":64,"column":4},"end":{"line":67,"column":9}},{"start":{"line":68,"column":4},"end":{"line":71,"column":9}},{"start":{"line":72,"column":4},"end":{"line":75,"column":9}},{"start":{"line":76,"column":4},"end":{"line":79,"column":9}}],"line":55}},"s":{"0":2,"1":18,"2":2,"3":2,"4":2,"5":0,"6":0,"7":0,"8":0,"9":0,"10":0,"11":2,"12":7,"13":1,"14":1,"15":1,"16":1,"17":1,"18":1,"19":1},"f":{"0":18,"1":0,"2":0,"3":0,"4":0,"5":0,"6":0,"7":7},"b":{"0":[1],"1":[1,1,1,1,1,1]},"_coverageSchema":"1a1c01bbd47fc00a2c39e90264f33305004495a9","hash":"1a881c41ffdf402c38aca494ca521c815df0f834"}
,"E:\\HtmlAcademy\\1326685-what-to-watch-4\\src\\utils.js": {"path":"E:\\HtmlAcademy\\1326685-what-to-watch-4\\src\\utils.js","statementMap":{"0":{"start":{"line":3,"column":26},"end":{"line":8,"column":1}},"1":{"start":{"line":4,"column":2},"end":{"line":4,"column":24}},"2":{"start":{"line":5,"column":2},"end":{"line":7,"column":27}},"3":{"start":{"line":10,"column":22},"end":{"line":12,"column":1}},"4":{"start":{"line":11,"column":2},"end":{"line":11,"column":37}},"5":{"start":{"line":14,"column":36},"end":{"line":16,"column":1}},"6":{"start":{"line":15,"column":2},"end":{"line":15,"column":83}},"7":{"start":{"line":15,"column":37},"end":{"line":15,"column":81}}},"fnMap":{"0":{"name":"(anonymous_0)","decl":{"start":{"line":3,"column":26},"end":{"line":3,"column":27}},"loc":{"start":{"line":3,"column":36},"end":{"line":8,"column":1}},"line":3},"1":{"name":"(anonymous_1)","decl":{"start":{"line":10,"column":22},"end":{"line":10,"column":23}},"loc":{"start":{"line":10,"column":36},"end":{"line":12,"column":1}},"line":10},"2":{"name":"(anonymous_2)","decl":{"start":{"line":14,"column":36},"end":{"line":14,"column":37}},"loc":{"start":{"line":14,"column":66},"end":{"line":16,"column":1}},"line":14},"3":{"name":"(anonymous_3)","decl":{"start":{"line":15,"column":27},"end":{"line":15,"column":28}},"loc":{"start":{"line":15,"column":37},"end":{"line":15,"column":81}},"line":15}},"branchMap":{"0":{"loc":{"start":{"line":15,"column":37},"end":{"line":15,"column":81}},"type":"binary-expr","locations":[{"start":{"line":15,"column":37},"end":{"line":15,"column":57}},{"start":{"line":15,"column":61},"end":{"line":15,"column":81}}],"line":15}},"s":{"0":6,"1":10,"2":10,"3":6,"4":6,"5":6,"6":2,"7":18},"f":{"0":10,"1":6,"2":2,"3":18},"b":{"0":[18,2]},"_coverageSchema":"1a1c01bbd47fc00a2c39e90264f33305004495a9","hash":"2f5c3a477e79c0581ef8ea24bd6f526a3a28e2a2"}
,"E:\\HtmlAcademy\\1326685-what-to-watch-4\\src\\components\\app\\app.jsx": {"path":"E:\\HtmlAcademy\\1326685-what-to-watch-4\\src\\components\\app\\app.jsx","statementMap":{"0":{"start":{"line":11,"column":37},"end":{"line":11,"column":85}},"1":{"start":{"line":15,"column":184},"end":{"line":15,"column":194}},"2":{"start":{"line":17,"column":4},"end":{"line":26,"column":5}},"3":{"start":{"line":18,"column":24},"end":{"line":18,"column":63}},"4":{"start":{"line":20,"column":6},"end":{"line":25,"column":8}},"5":{"start":{"line":28,"column":4},"end":{"line":42,"column":5}},"6":{"start":{"line":29,"column":6},"end":{"line":41,"column":8}},"7":{"start":{"line":44,"column":4},"end":{"line":54,"column":5}},"8":{"start":{"line":45,"column":6},"end":{"line":53,"column":8}},"9":{"start":{"line":56,"column":4},"end":{"line":56,"column":16}},"10":{"start":{"line":60,"column":97},"end":{"line":60,"column":107}},"11":{"start":{"line":62,"column":4},"end":{"line":85,"column":6}},"12":{"start":{"line":89,"column":0},"end":{"line":89,"column":24}},"13":{"start":{"line":91,"column":24},"end":{"line":98,"column":2}},"14":{"start":{"line":91,"column":36},"end":{"line":98,"column":1}},"15":{"start":{"line":100,"column":27},"end":{"line":117,"column":2}},"16":{"start":{"line":100,"column":42},"end":{"line":117,"column":1}},"17":{"start":{"line":102,"column":4},"end":{"line":102,"column":49}},"18":{"start":{"line":105,"column":4},"end":{"line":105,"column":54}},"19":{"start":{"line":106,"column":4},"end":{"line":106,"column":56}},"20":{"start":{"line":109,"column":4},"end":{"line":109,"column":49}},"21":{"start":{"line":112,"column":4},"end":{"line":112,"column":47}},"22":{"start":{"line":115,"column":4},"end":{"line":115,"column":49}}},"fnMap":{"0":{"name":"(anonymous_0)","decl":{"start":{"line":14,"column":2},"end":{"line":14,"column":3}},"loc":{"start":{"line":14,"column":21},"end":{"line":57,"column":3}},"line":14},"1":{"name":"(anonymous_1)","decl":{"start":{"line":59,"column":2},"end":{"line":59,"column":3}},"loc":{"start":{"line":59,"column":11},"end":{"line":86,"column":3}},"line":59},"2":{"name":"(anonymous_2)","decl":{"start":{"line":91,"column":24},"end":{"line":91,"column":25}},"loc":{"start":{"line":91,"column":36},"end":{"line":98,"column":1}},"line":91},"3":{"name":"(anonymous_3)","decl":{"start":{"line":100,"column":27},"end":{"line":100,"column":28}},"loc":{"start":{"line":100,"column":42},"end":{"line":117,"column":1}},"line":100},"4":{"name":"(anonymous_4)","decl":{"start":{"line":101,"column":2},"end":{"line":101,"column":3}},"loc":{"start":{"line":101,"column":27},"end":{"line":103,"column":3}},"line":101},"5":{"name":"(anonymous_5)","decl":{"start":{"line":104,"column":2},"end":{"line":104,"column":3}},"loc":{"start":{"line":104,"column":26},"end":{"line":107,"column":3}},"line":104},"6":{"name":"(anonymous_6)","decl":{"start":{"line":108,"column":2},"end":{"line":108,"column":3}},"loc":{"start":{"line":108,"column":20},"end":{"line":110,"column":3}},"line":108},"7":{"name":"(anonymous_7)","decl":{"start":{"line":111,"column":2},"end":{"line":111,"column":3}},"loc":{"start":{"line":111,"column":22},"end":{"line":113,"column":3}},"line":111},"8":{"name":"(anonymous_8)","decl":{"start":{"line":114,"column":2},"end":{"line":114,"column":3}},"loc":{"start":{"line":114,"column":22},"end":{"line":116,"column":3}},"line":114}},"branchMap":{"0":{"loc":{"start":{"line":17,"column":4},"end":{"line":26,"column":5}},"type":"if","locations":[{"start":{"line":17,"column":4},"end":{"line":26,"column":5}},{"start":{"line":17,"column":4},"end":{"line":26,"column":5}}],"line":17},"1":{"loc":{"start":{"line":18,"column":24},"end":{"line":18,"column":63}},"type":"cond-expr","locations":[{"start":{"line":18,"column":37},"end":{"line":18,"column":47}},{"start":{"line":18,"column":50},"end":{"line":18,"column":63}}],"line":18},"2":{"loc":{"start":{"line":28,"column":4},"end":{"line":42,"column":5}},"type":"if","locations":[{"start":{"line":28,"column":4},"end":{"line":42,"column":5}},{"start":{"line":28,"column":4},"end":{"line":42,"column":5}}],"line":28},"3":{"loc":{"start":{"line":44,"column":4},"end":{"line":54,"column":5}},"type":"if","locations":[{"start":{"line":44,"column":4},"end":{"line":54,"column":5}},{"start":{"line":44,"column":4},"end":{"line":54,"column":5}}],"line":44}},"s":{"0":1,"1":1,"2":1,"3":0,"4":0,"5":1,"6":0,"7":1,"8":0,"9":1,"10":1,"11":1,"12":1,"13":1,"14":0,"15":1,"16":0,"17":0,"18":0,"19":0,"20":0,"21":0,"22":0},"f":{"0":1,"1":1,"2":0,"3":0,"4":0,"5":0,"6":0,"7":0,"8":0},"b":{"0":[0,1],"1":[0,0],"2":[0,1],"3":[0,1]},"_coverageSchema":"1a1c01bbd47fc00a2c39e90264f33305004495a9","hash":"f112f55ede68be0ba70c20792164d2f3e27fe67d"}
,"E:\\HtmlAcademy\\1326685-what-to-watch-4\\src\\components\\full-screen-video-player\\full-screen-video-player.jsx": {"path":"E:\\HtmlAcademy\\1326685-what-to-watch-4\\src\\components\\full-screen-video-player\\full-screen-video-player.jsx","statementMap":{"0":{"start":{"line":4,"column":24},"end":{"line":19,"column":1}},"1":{"start":{"line":5,"column":14},"end":{"line":5,"column":40}},"2":{"start":{"line":6,"column":17},"end":{"line":6,"column":39}},"3":{"start":{"line":7,"column":16},"end":{"line":7,"column":52}},"4":{"start":{"line":8,"column":16},"end":{"line":8,"column":39}},"5":{"start":{"line":10,"column":2},"end":{"line":12,"column":3}},"6":{"start":{"line":11,"column":4},"end":{"line":11,"column":28}},"7":{"start":{"line":14,"column":2},"end":{"line":16,"column":3}},"8":{"start":{"line":15,"column":4},"end":{"line":15,"column":28}},"9":{"start":{"line":18,"column":2},"end":{"line":18,"column":42}},"10":{"start":{"line":21,"column":30},"end":{"line":87,"column":1}},"11":{"start":{"line":22,"column":131},"end":{"line":22,"column":136}},"12":{"start":{"line":24,"column":2},"end":{"line":86,"column":4}},"13":{"start":{"line":30,"column":23},"end":{"line":30,"column":42}},"14":{"start":{"line":54,"column":27},"end":{"line":54,"column":51}},"15":{"start":{"line":76,"column":27},"end":{"line":76,"column":46}},"16":{"start":{"line":89,"column":0},"end":{"line":89,"column":54}}},"fnMap":{"0":{"name":"(anonymous_0)","decl":{"start":{"line":4,"column":24},"end":{"line":4,"column":25}},"loc":{"start":{"line":4,"column":34},"end":{"line":19,"column":1}},"line":4},"1":{"name":"(anonymous_1)","decl":{"start":{"line":21,"column":30},"end":{"line":21,"column":31}},"loc":{"start":{"line":21,"column":41},"end":{"line":87,"column":1}},"line":21},"2":{"name":"(anonymous_2)","decl":{"start":{"line":30,"column":17},"end":{"line":30,"column":18}},"loc":{"start":{"line":30,"column":23},"end":{"line":30,"column":42}},"line":30},"3":{"name":"(anonymous_3)","decl":{"start":{"line":54,"column":21},"end":{"line":54,"column":22}},"loc":{"start":{"line":54,"column":27},"end":{"line":54,"column":51}},"line":54},"4":{"name":"(anonymous_4)","decl":{"start":{"line":76,"column":21},"end":{"line":76,"column":22}},"loc":{"start":{"line":76,"column":27},"end":{"line":76,"column":46}},"line":76}},"branchMap":{"0":{"loc":{"start":{"line":10,"column":2},"end":{"line":12,"column":3}},"type":"if","locations":[{"start":{"line":10,"column":2},"end":{"line":12,"column":3}},{"start":{"line":10,"column":2},"end":{"line":12,"column":3}}],"line":10},"1":{"loc":{"start":{"line":14,"column":2},"end":{"line":16,"column":3}},"type":"if","locations":[{"start":{"line":14,"column":2},"end":{"line":16,"column":3}},{"start":{"line":14,"column":2},"end":{"line":16,"column":3}}],"line":14},"2":{"loc":{"start":{"line":56,"column":13},"end":{"line":70,"column":13}},"type":"cond-expr","locations":[{"start":{"line":57,"column":14},"end":{"line":62,"column":31}},{"start":{"line":64,"column":14},"end":{"line":69,"column":31}}],"line":56}},"s":{"0":3,"1":4,"2":4,"3":4,"4":4,"5":4,"6":4,"7":4,"8":4,"9":4,"10":3,"11":4,"12":4,"13":1,"14":1,"15":1,"16":3},"f":{"0":4,"1":4,"2":1,"3":1,"4":1},"b":{"0":[4,0],"1":[4,0],"2":[4,0]},"_coverageSchema":"1a1c01bbd47fc00a2c39e90264f33305004495a9","hash":"b2a0bc0c6deedf3251dd81cb53f9bc809ae27523"}
,"E:\\HtmlAcademy\\1326685-what-to-watch-4\\src\\components\\genre-item\\genre-item.jsx": {"path":"E:\\HtmlAcademy\\1326685-what-to-watch-4\\src\\components\\genre-item\\genre-item.jsx","statementMap":{"0":{"start":{"line":4,"column":18},"end":{"line":19,"column":1}},"1":{"start":{"line":5,"column":46},"end":{"line":5,"column":51}},"2":{"start":{"line":7,"column":2},"end":{"line":18,"column":4}},"3":{"start":{"line":12,"column":10},"end":{"line":12,"column":31}},"4":{"start":{"line":13,"column":10},"end":{"line":13,"column":34}},"5":{"start":{"line":21,"column":0},"end":{"line":21,"column":37}}},"fnMap":{"0":{"name":"(anonymous_0)","decl":{"start":{"line":4,"column":18},"end":{"line":4,"column":19}},"loc":{"start":{"line":4,"column":29},"end":{"line":19,"column":1}},"line":4},"1":{"name":"(anonymous_1)","decl":{"start":{"line":11,"column":19},"end":{"line":11,"column":20}},"loc":{"start":{"line":11,"column":28},"end":{"line":14,"column":9}},"line":11}},"branchMap":{"0":{"loc":{"start":{"line":9,"column":46},"end":{"line":9,"column":92}},"type":"cond-expr","locations":[{"start":{"line":9,"column":57},"end":{"line":9,"column":87}},{"start":{"line":9,"column":90},"end":{"line":9,"column":92}}],"line":9}},"s":{"0":4,"1":15,"2":15,"3":0,"4":0,"5":4},"f":{"0":15,"1":0},"b":{"0":[3,12]},"_coverageSchema":"1a1c01bbd47fc00a2c39e90264f33305004495a9","hash":"82ceaeba56dc1d5d77bb6891254bf74e0a29ee4e"}
,"E:\\HtmlAcademy\\1326685-what-to-watch-4\\src\\components\\genres-list\\genres-list.jsx": {"path":"E:\\HtmlAcademy\\1326685-what-to-watch-4\\src\\components\\genres-list\\genres-list.jsx","statementMap":{"0":{"start":{"line":5,"column":19},"end":{"line":22,"column":1}},"1":{"start":{"line":6,"column":55},"end":{"line":6,"column":60}},"2":{"start":{"line":8,"column":2},"end":{"line":21,"column":4}},"3":{"start":{"line":11,"column":8},"end":{"line":18,"column":10}},"4":{"start":{"line":24,"column":0},"end":{"line":24,"column":34}}},"fnMap":{"0":{"name":"(anonymous_0)","decl":{"start":{"line":5,"column":19},"end":{"line":5,"column":20}},"loc":{"start":{"line":5,"column":30},"end":{"line":22,"column":1}},"line":5},"1":{"name":"(anonymous_1)","decl":{"start":{"line":10,"column":22},"end":{"line":10,"column":23}},"loc":{"start":{"line":10,"column":40},"end":{"line":19,"column":7}},"line":10}},"branchMap":{},"s":{"0":3,"1":2,"2":2,"3":14,"4":3},"f":{"0":2,"1":14},"b":{},"_coverageSchema":"1a1c01bbd47fc00a2c39e90264f33305004495a9","hash":"7ebb7b66b817cc9a0338734730487dda12e5b630"}
,"E:\\HtmlAcademy\\1326685-what-to-watch-4\\src\\components\\main\\main.jsx": {"path":"E:\\HtmlAcademy\\1326685-what-to-watch-4\\src\\components\\main\\main.jsx","statementMap":{"0":{"start":{"line":10,"column":26},"end":{"line":10,"column":52}},"1":{"start":{"line":12,"column":13},"end":{"line":118,"column":1}},"2":{"start":{"line":13,"column":147},"end":{"line":13,"column":152}},"3":{"start":{"line":14,"column":48},"end":{"line":14,"column":53}},"4":{"start":{"line":15,"column":28},"end":{"line":15,"column":81}},"5":{"start":{"line":16,"column":28},"end":{"line":16,"column":91}},"6":{"start":{"line":18,"column":2},"end":{"line":117,"column":4}},"7":{"start":{"line":58,"column":33},"end":{"line":58,"column":52}},"8":{"start":{"line":120,"column":0},"end":{"line":120,"column":25}}},"fnMap":{"0":{"name":"(anonymous_0)","decl":{"start":{"line":12,"column":13},"end":{"line":12,"column":14}},"loc":{"start":{"line":12,"column":24},"end":{"line":118,"column":1}},"line":12},"1":{"name":"(anonymous_1)","decl":{"start":{"line":58,"column":27},"end":{"line":58,"column":28}},"loc":{"start":{"line":58,"column":33},"end":{"line":58,"column":52}},"line":58}},"branchMap":{"0":{"loc":{"start":{"line":16,"column":28},"end":{"line":16,"column":91}},"type":"cond-expr","locations":[{"start":{"line":16,"column":61},"end":{"line":16,"column":71}},{"start":{"line":16,"column":74},"end":{"line":16,"column":91}}],"line":16},"1":{"loc":{"start":{"line":93,"column":11},"end":{"line":97,"column":16}},"type":"cond-expr","locations":[{"start":{"line":94,"column":12},"end":{"line":96,"column":14}},{"start":{"line":97,"column":14},"end":{"line":97,"column":16}}],"line":93}},"s":{"0":2,"1":2,"2":1,"3":1,"4":1,"5":1,"6":1,"7":0,"8":2},"f":{"0":1,"1":0},"b":{"0":[1,0],"1":[1,0]},"_coverageSchema":"1a1c01bbd47fc00a2c39e90264f33305004495a9","hash":"529619d118f0d79d4e3403fc3d76f9f99610fcf3"}
,"E:\\HtmlAcademy\\1326685-what-to-watch-4\\src\\components\\movie-card\\movie-card.jsx": {"path":"E:\\HtmlAcademy\\1326685-what-to-watch-4\\src\\components\\movie-card\\movie-card.jsx","statementMap":{"0":{"start":{"line":5,"column":18},"end":{"line":37,"column":1}},"1":{"start":{"line":6,"column":85},"end":{"line":6,"column":90}},"2":{"start":{"line":7,"column":32},"end":{"line":7,"column":37}},"3":{"start":{"line":9,"column":2},"end":{"line":36,"column":4}},"4":{"start":{"line":13,"column":25},"end":{"line":13,"column":50}},"5":{"start":{"line":14,"column":30},"end":{"line":14,"column":53}},"6":{"start":{"line":15,"column":30},"end":{"line":15,"column":48}},"7":{"start":{"line":29,"column":12},"end":{"line":29,"column":33}},"8":{"start":{"line":30,"column":12},"end":{"line":30,"column":38}},"9":{"start":{"line":39,"column":0},"end":{"line":39,"column":37}}},"fnMap":{"0":{"name":"(anonymous_0)","decl":{"start":{"line":5,"column":18},"end":{"line":5,"column":19}},"loc":{"start":{"line":5,"column":29},"end":{"line":37,"column":1}},"line":5},"1":{"name":"(anonymous_1)","decl":{"start":{"line":13,"column":19},"end":{"line":13,"column":20}},"loc":{"start":{"line":13,"column":25},"end":{"line":13,"column":50}},"line":13},"2":{"name":"(anonymous_2)","decl":{"start":{"line":14,"column":24},"end":{"line":14,"column":25}},"loc":{"start":{"line":14,"column":30},"end":{"line":14,"column":53}},"line":14},"3":{"name":"(anonymous_3)","decl":{"start":{"line":15,"column":24},"end":{"line":15,"column":25}},"loc":{"start":{"line":15,"column":30},"end":{"line":15,"column":48}},"line":15},"4":{"name":"(anonymous_4)","decl":{"start":{"line":28,"column":22},"end":{"line":28,"column":23}},"loc":{"start":{"line":28,"column":31},"end":{"line":31,"column":11}},"line":28}},"branchMap":{"0":{"loc":{"start":{"line":16,"column":11},"end":{"line":23,"column":11}},"type":"cond-expr","locations":[{"start":{"line":17,"column":12},"end":{"line":20,"column":14}},{"start":{"line":22,"column":12},"end":{"line":22,"column":66}}],"line":16}},"s":{"0":6,"1":22,"2":22,"3":22,"4":1,"5":1,"6":1,"7":1,"8":1,"9":6},"f":{"0":22,"1":1,"2":1,"3":1,"4":1},"b":{"0":[1,21]},"_coverageSchema":"1a1c01bbd47fc00a2c39e90264f33305004495a9","hash":"31ed00b69967670ef3cabd3dbee7de8960535f08"}
,"E:\\HtmlAcademy\\1326685-what-to-watch-4\\src\\components\\movie-page\\movie-page.jsx": {"path":"E:\\HtmlAcademy\\1326685-what-to-watch-4\\src\\components\\movie-page\\movie-page.jsx","statementMap":{"0":{"start":{"line":10,"column":20},"end":{"line":10,"column":43}},"1":{"start":{"line":11,"column":26},"end":{"line":11,"column":52}},"2":{"start":{"line":13,"column":18},"end":{"line":116,"column":1}},"3":{"start":{"line":14,"column":69},"end":{"line":14,"column":74}},"4":{"start":{"line":15,"column":48},"end":{"line":15,"column":53}},"5":{"start":{"line":16,"column":28},"end":{"line":16,"column":108}},"6":{"start":{"line":18,"column":2},"end":{"line":115,"column":4}},"7":{"start":{"line":54,"column":33},"end":{"line":54,"column":52}},"8":{"start":{"line":118,"column":0},"end":{"line":118,"column":36}}},"fnMap":{"0":{"name":"(anonymous_0)","decl":{"start":{"line":13,"column":18},"end":{"line":13,"column":19}},"loc":{"start":{"line":13,"column":29},"end":{"line":116,"column":1}},"line":13},"1":{"name":"(anonymous_1)","decl":{"start":{"line":54,"column":27},"end":{"line":54,"column":28}},"loc":{"start":{"line":54,"column":33},"end":{"line":54,"column":52}},"line":54}},"branchMap":{},"s":{"0":2,"1":2,"2":2,"3":1,"4":1,"5":1,"6":1,"7":0,"8":2},"f":{"0":1,"1":0},"b":{},"_coverageSchema":"1a1c01bbd47fc00a2c39e90264f33305004495a9","hash":"3584c6c6d3340e3ab2e7f0e1b192813dc0e70824"}
,"E:\\HtmlAcademy\\1326685-what-to-watch-4\\src\\components\\movies-list\\movies-list.jsx": {"path":"E:\\HtmlAcademy\\1326685-what-to-watch-4\\src\\components\\movies-list\\movies-list.jsx","statementMap":{"0":{"start":{"line":5,"column":18},"end":{"line":23,"column":1}},"1":{"start":{"line":6,"column":91},"end":{"line":6,"column":96}},"2":{"start":{"line":7,"column":18},"end":{"line":7,"column":28}},"3":{"start":{"line":9,"column":2},"end":{"line":22,"column":4}},"4":{"start":{"line":12,"column":8},"end":{"line":19,"column":10}},"5":{"start":{"line":25,"column":0},"end":{"line":25,"column":37}}},"fnMap":{"0":{"name":"(anonymous_0)","decl":{"start":{"line":5,"column":18},"end":{"line":5,"column":19}},"loc":{"start":{"line":5,"column":29},"end":{"line":23,"column":1}},"line":5},"1":{"name":"(anonymous_1)","decl":{"start":{"line":11,"column":22},"end":{"line":11,"column":23}},"loc":{"start":{"line":12,"column":8},"end":{"line":19,"column":10}},"line":12}},"branchMap":{},"s":{"0":4,"1":3,"2":3,"3":3,"4":18,"5":4},"f":{"0":3,"1":18},"b":{},"_coverageSchema":"1a1c01bbd47fc00a2c39e90264f33305004495a9","hash":"77c014d4400af648f04e658382b70901f4afbc14"}
,"E:\\HtmlAcademy\\1326685-what-to-watch-4\\src\\components\\reviews\\reviews.jsx": {"path":"E:\\HtmlAcademy\\1326685-what-to-watch-4\\src\\components\\reviews\\reviews.jsx","statementMap":{"0":{"start":{"line":5,"column":16},"end":{"line":32,"column":1}},"1":{"start":{"line":6,"column":20},"end":{"line":6,"column":25}},"2":{"start":{"line":8,"column":2},"end":{"line":31,"column":4}},"3":{"start":{"line":12,"column":10},"end":{"line":27,"column":12}},"4":{"start":{"line":34,"column":0},"end":{"line":34,"column":32}}},"fnMap":{"0":{"name":"(anonymous_0)","decl":{"start":{"line":5,"column":16},"end":{"line":5,"column":17}},"loc":{"start":{"line":5,"column":27},"end":{"line":32,"column":1}},"line":5},"1":{"name":"(anonymous_1)","decl":{"start":{"line":11,"column":21},"end":{"line":11,"column":22}},"loc":{"start":{"line":11,"column":40},"end":{"line":28,"column":9}},"line":11}},"branchMap":{},"s":{"0":4,"1":1,"2":1,"3":10,"4":4},"f":{"0":1,"1":10},"b":{},"_coverageSchema":"1a1c01bbd47fc00a2c39e90264f33305004495a9","hash":"8ed3bbc40e280b08004641b4afaeea3f7d4b5184"}
,"E:\\HtmlAcademy\\1326685-what-to-watch-4\\src\\components\\show-more\\show-more.jsx": {"path":"E:\\HtmlAcademy\\1326685-what-to-watch-4\\src\\components\\show-more\\show-more.jsx","statementMap":{"0":{"start":{"line":4,"column":17},"end":{"line":14,"column":1}},"1":{"start":{"line":5,"column":28},"end":{"line":5,"column":33}},"2":{"start":{"line":7,"column":2},"end":{"line":13,"column":4}},"3":{"start":{"line":10,"column":23},"end":{"line":10,"column":40}},"4":{"start":{"line":16,"column":0},"end":{"line":16,"column":34}}},"fnMap":{"0":{"name":"(anonymous_0)","decl":{"start":{"line":4,"column":17},"end":{"line":4,"column":18}},"loc":{"start":{"line":4,"column":28},"end":{"line":14,"column":1}},"line":4},"1":{"name":"(anonymous_1)","decl":{"start":{"line":10,"column":17},"end":{"line":10,"column":18}},"loc":{"start":{"line":10,"column":23},"end":{"line":10,"column":40}},"line":10}},"branchMap":{},"s":{"0":3,"1":2,"2":2,"3":0,"4":3},"f":{"0":2,"1":0},"b":{},"_coverageSchema":"1a1c01bbd47fc00a2c39e90264f33305004495a9","hash":"c9c9ed716272705ea8ca6be890c075568a7ba049"}
,"E:\\HtmlAcademy\\1326685-what-to-watch-4\\src\\components\\tabs\\tabs.jsx": {"path":"E:\\HtmlAcademy\\1326685-what-to-watch-4\\src\\components\\tabs\\tabs.jsx","statementMap":{"0":{"start":{"line":7,"column":22},"end":{"line":122,"column":1}},"1":{"start":{"line":8,"column":61},"end":{"line":8,"column":66}},"2":{"start":{"line":9,"column":15},"end":{"line":9,"column":34}},"3":{"start":{"line":11,"column":26},"end":{"line":13,"column":3}},"4":{"start":{"line":12,"column":4},"end":{"line":12,"column":60}},"5":{"start":{"line":12,"column":38},"end":{"line":12,"column":58}},"6":{"start":{"line":15,"column":28},"end":{"line":97,"column":3}},"7":{"start":{"line":16,"column":122},"end":{"line":16,"column":126}},"8":{"start":{"line":18,"column":4},"end":{"line":96,"column":5}},"9":{"start":{"line":20,"column":8},"end":{"line":38,"column":10}},"10":{"start":{"line":40,"column":8},"end":{"line":77,"column":10}},"11":{"start":{"line":52,"column":22},"end":{"line":56,"column":24}},"12":{"start":{"line":79,"column":24},"end":{"line":79,"column":61}},"13":{"start":{"line":80,"column":26},"end":{"line":80,"column":55}},"14":{"start":{"line":82,"column":8},"end":{"line":93,"column":10}},"15":{"start":{"line":95,"column":8},"end":{"line":95,"column":20}},"16":{"start":{"line":99,"column":2},"end":{"line":121,"column":4}},"17":{"start":{"line":104,"column":12},"end":{"line":115,"column":14}},"18":{"start":{"line":107,"column":18},"end":{"line":107,"column":39}},"19":{"start":{"line":108,"column":18},"end":{"line":108,"column":34}},"20":{"start":{"line":124,"column":0},"end":{"line":124,"column":44}},"21":{"start":{"line":126,"column":24},"end":{"line":128,"column":2}},"22":{"start":{"line":126,"column":36},"end":{"line":128,"column":1}}},"fnMap":{"0":{"name":"(anonymous_0)","decl":{"start":{"line":7,"column":22},"end":{"line":7,"column":23}},"loc":{"start":{"line":7,"column":33},"end":{"line":122,"column":1}},"line":7},"1":{"name":"(anonymous_1)","decl":{"start":{"line":11,"column":26},"end":{"line":11,"column":27}},"loc":{"start":{"line":11,"column":43},"end":{"line":13,"column":3}},"line":11},"2":{"name":"(anonymous_2)","decl":{"start":{"line":12,"column":26},"end":{"line":12,"column":27}},"loc":{"start":{"line":12,"column":38},"end":{"line":12,"column":58}},"line":12},"3":{"name":"(anonymous_3)","decl":{"start":{"line":15,"column":28},"end":{"line":15,"column":29}},"loc":{"start":{"line":15,"column":37},"end":{"line":97,"column":3}},"line":15},"4":{"name":"(anonymous_4)","decl":{"start":{"line":51,"column":50},"end":{"line":51,"column":51}},"loc":{"start":{"line":51,"column":61},"end":{"line":57,"column":21}},"line":51},"5":{"name":"(anonymous_5)","decl":{"start":{"line":103,"column":20},"end":{"line":103,"column":21}},"loc":{"start":{"line":103,"column":36},"end":{"line":116,"column":11}},"line":103},"6":{"name":"(anonymous_6)","decl":{"start":{"line":106,"column":27},"end":{"line":106,"column":28}},"loc":{"start":{"line":106,"column":36},"end":{"line":109,"column":17}},"line":106},"7":{"name":"(anonymous_7)","decl":{"start":{"line":126,"column":24},"end":{"line":126,"column":25}},"loc":{"start":{"line":126,"column":36},"end":{"line":128,"column":1}},"line":126}},"branchMap":{"0":{"loc":{"start":{"line":18,"column":4},"end":{"line":96,"column":5}},"type":"switch","locations":[{"start":{"line":19,"column":6},"end":{"line":38,"column":10}},{"start":{"line":39,"column":6},"end":{"line":77,"column":10}},{"start":{"line":78,"column":6},"end":{"line":93,"column":10}},{"start":{"line":94,"column":6},"end":{"line":95,"column":20}}],"line":18},"1":{"loc":{"start":{"line":112,"column":19},"end":{"line":112,"column":71}},"type":"cond-expr","locations":[{"start":{"line":112,"column":40},"end":{"line":112,"column":66}},{"start":{"line":112,"column":69},"end":{"line":112,"column":71}}],"line":112}},"s":{"0":3,"1":2,"2":2,"3":2,"4":0,"5":0,"6":2,"7":2,"8":2,"9":2,"10":0,"11":0,"12":0,"13":0,"14":0,"15":0,"16":2,"17":6,"18":0,"19":0,"20":3,"21":3,"22":1},"f":{"0":2,"1":0,"2":0,"3":2,"4":0,"5":6,"6":0,"7":1},"b":{"0":[2,0,0,0],"1":[2,4]},"_coverageSchema":"1a1c01bbd47fc00a2c39e90264f33305004495a9","hash":"612916d25da0af144c6bbf5bc86b3e50d0b59cf5"}
,"E:\\HtmlAcademy\\1326685-what-to-watch-4\\src\\components\\video-player\\video-player.jsx": {"path":"E:\\HtmlAcademy\\1326685-what-to-watch-4\\src\\components\\video-player\\video-player.jsx","statementMap":{"0":{"start":{"line":7,"column":4},"end":{"line":7,"column":17}},"1":{"start":{"line":9,"column":4},"end":{"line":9,"column":33}},"2":{"start":{"line":13,"column":27},"end":{"line":13,"column":37}},"3":{"start":{"line":14,"column":18},"end":{"line":14,"column":40}},"4":{"start":{"line":16,"column":4},"end":{"line":16,"column":24}},"5":{"start":{"line":17,"column":4},"end":{"line":17,"column":23}},"6":{"start":{"line":18,"column":4},"end":{"line":18,"column":29}},"7":{"start":{"line":22,"column":18},"end":{"line":22,"column":40}},"8":{"start":{"line":24,"column":4},"end":{"line":24,"column":21}},"9":{"start":{"line":25,"column":4},"end":{"line":25,"column":24}},"10":{"start":{"line":26,"column":4},"end":{"line":26,"column":23}},"11":{"start":{"line":30,"column":4},"end":{"line":36,"column":6}},"12":{"start":{"line":40,"column":0},"end":{"line":40,"column":34}}},"fnMap":{"0":{"name":"(anonymous_0)","decl":{"start":{"line":6,"column":2},"end":{"line":6,"column":3}},"loc":{"start":{"line":6,"column":21},"end":{"line":10,"column":3}},"line":6},"1":{"name":"(anonymous_1)","decl":{"start":{"line":12,"column":2},"end":{"line":12,"column":3}},"loc":{"start":{"line":12,"column":22},"end":{"line":19,"column":3}},"line":12},"2":{"name":"(anonymous_2)","decl":{"start":{"line":21,"column":2},"end":{"line":21,"column":3}},"loc":{"start":{"line":21,"column":25},"end":{"line":27,"column":3}},"line":21},"3":{"name":"(anonymous_3)","decl":{"start":{"line":29,"column":2},"end":{"line":29,"column":3}},"loc":{"start":{"line":29,"column":11},"end":{"line":37,"column":3}},"line":29}},"branchMap":{},"s":{"0":2,"1":2,"2":2,"3":2,"4":2,"5":2,"6":2,"7":0,"8":0,"9":0,"10":0,"11":2,"12":7},"f":{"0":2,"1":2,"2":0,"3":2},"b":{},"_coverageSchema":"1a1c01bbd47fc00a2c39e90264f33305004495a9","hash":"90df7165fc1be683c187c383ae0e5fc8fea12834"}
,"E:\\HtmlAcademy\\1326685-what-to-watch-4\\src\\hocs\\with-full-screen-video-player\\with-full-screen-video-player.js": {"path":"E:\\HtmlAcademy\\1326685-what-to-watch-4\\src\\hocs\\with-full-screen-video-player\\with-full-screen-video-player.js","statementMap":{"0":{"start":{"line":4,"column":34},"end":{"line":97,"column":1}},"1":{"start":{"line":7,"column":6},"end":{"line":7,"column":19}},"2":{"start":{"line":9,"column":6},"end":{"line":14,"column":8}},"3":{"start":{"line":16,"column":6},"end":{"line":16,"column":35}},"4":{"start":{"line":18,"column":6},"end":{"line":18,"column":83}},"5":{"start":{"line":19,"column":6},"end":{"line":19,"column":73}},"6":{"start":{"line":23,"column":22},"end":{"line":23,"column":32}},"7":{"start":{"line":24,"column":29},"end":{"line":24,"column":34}},"8":{"start":{"line":25,"column":20},"end":{"line":25,"column":42}},"9":{"start":{"line":27,"column":6},"end":{"line":27,"column":25}},"10":{"start":{"line":28,"column":6},"end":{"line":28,"column":26}},"11":{"start":{"line":30,"column":6},"end":{"line":34,"column":9}},"12":{"start":{"line":30,"column":33},"end":{"line":34,"column":8}},"13":{"start":{"line":38,"column":20},"end":{"line":38,"column":42}},"14":{"start":{"line":40,"column":6},"end":{"line":40,"column":26}},"15":{"start":{"line":41,"column":6},"end":{"line":41,"column":23}},"16":{"start":{"line":42,"column":6},"end":{"line":42,"column":32}},"17":{"start":{"line":46,"column":26},"end":{"line":46,"column":36}},"18":{"start":{"line":47,"column":20},"end":{"line":47,"column":42}},"19":{"start":{"line":49,"column":6},"end":{"line":53,"column":7}},"20":{"start":{"line":50,"column":8},"end":{"line":50,"column":21}},"21":{"start":{"line":52,"column":8},"end":{"line":52,"column":22}},"22":{"start":{"line":57,"column":26},"end":{"line":57,"column":36}},"23":{"start":{"line":59,"column":6},"end":{"line":61,"column":9}},"24":{"start":{"line":65,"column":20},"end":{"line":65,"column":42}},"25":{"start":{"line":66,"column":22},"end":{"line":66,"column":137}},"26":{"start":{"line":67,"column":6},"end":{"line":67,"column":26}},"27":{"start":{"line":71,"column":41},"end":{"line":71,"column":51}},"28":{"start":{"line":73,"column":6},"end":{"line":90,"column":8}},"29":{"start":{"line":94,"column":2},"end":{"line":94,"column":70}},"30":{"start":{"line":96,"column":2},"end":{"line":96,"column":35}}},"fnMap":{"0":{"name":"(anonymous_0)","decl":{"start":{"line":4,"column":34},"end":{"line":4,"column":35}},"loc":{"start":{"line":4,"column":49},"end":{"line":97,"column":1}},"line":4},"1":{"name":"(anonymous_1)","decl":{"start":{"line":6,"column":4},"end":{"line":6,"column":5}},"loc":{"start":{"line":6,"column":23},"end":{"line":20,"column":5}},"line":6},"2":{"name":"(anonymous_2)","decl":{"start":{"line":22,"column":4},"end":{"line":22,"column":5}},"loc":{"start":{"line":22,"column":24},"end":{"line":35,"column":5}},"line":22},"3":{"name":"(anonymous_3)","decl":{"start":{"line":30,"column":27},"end":{"line":30,"column":28}},"loc":{"start":{"line":30,"column":33},"end":{"line":34,"column":8}},"line":30},"4":{"name":"(anonymous_4)","decl":{"start":{"line":37,"column":4},"end":{"line":37,"column":5}},"loc":{"start":{"line":37,"column":27},"end":{"line":43,"column":5}},"line":37},"5":{"name":"(anonymous_5)","decl":{"start":{"line":45,"column":4},"end":{"line":45,"column":5}},"loc":{"start":{"line":45,"column":25},"end":{"line":54,"column":5}},"line":45},"6":{"name":"(anonymous_6)","decl":{"start":{"line":56,"column":4},"end":{"line":56,"column":5}},"loc":{"start":{"line":56,"column":33},"end":{"line":62,"column":5}},"line":56},"7":{"name":"(anonymous_7)","decl":{"start":{"line":64,"column":4},"end":{"line":64,"column":5}},"loc":{"start":{"line":64,"column":28},"end":{"line":68,"column":5}},"line":64},"8":{"name":"(anonymous_8)","decl":{"start":{"line":70,"column":4},"end":{"line":70,"column":5}},"loc":{"start":{"line":70,"column":13},"end":{"line":91,"column":5}},"line":70}},"branchMap":{"0":{"loc":{"start":{"line":49,"column":6},"end":{"line":53,"column":7}},"type":"if","locations":[{"start":{"line":49,"column":6},"end":{"line":53,"column":7}},{"start":{"line":49,"column":6},"end":{"line":53,"column":7}}],"line":49},"1":{"loc":{"start":{"line":66,"column":22},"end":{"line":66,"column":137}},"type":"binary-expr","locations":[{"start":{"line":66,"column":22},"end":{"line":66,"column":45}},{"start":{"line":66,"column":49},"end":{"line":66,"column":78}},{"start":{"line":66,"column":82},"end":{"line":66,"column":108}},{"start":{"line":66,"column":112},"end":{"line":66,"column":137}}],"line":66}},"s":{"0":3,"1":5,"2":5,"3":5,"4":5,"5":5,"6":9,"7":9,"8":9,"9":9,"10":9,"11":9,"12":0,"13":0,"14":0,"15":0,"16":0,"17":5,"18":5,"19":5,"20":3,"21":2,"22":3,"23":3,"24":1,"25":1,"26":1,"27":8,"28":8,"29":3,"30":3},"f":{"0":3,"1":5,"2":9,"3":0,"4":0,"5":5,"6":3,"7":1,"8":8},"b":{"0":[3,2],"1":[1,0,0,0]},"_coverageSchema":"1a1c01bbd47fc00a2c39e90264f33305004495a9","hash":"480a3aa4cc871d4c94aab93a241902a13d54ff73"}
,"E:\\HtmlAcademy\\1326685-what-to-watch-4\\src\\hocs\\with-movies-list\\with-movies-list.js": {"path":"E:\\HtmlAcademy\\1326685-what-to-watch-4\\src\\hocs\\with-movies-list\\with-movies-list.js","statementMap":{"0":{"start":{"line":4,"column":22},"end":{"line":52,"column":1}},"1":{"start":{"line":7,"column":6},"end":{"line":7,"column":19}},"2":{"start":{"line":9,"column":6},"end":{"line":9,"column":26}},"3":{"start":{"line":11,"column":6},"end":{"line":13,"column":8}},"4":{"start":{"line":15,"column":6},"end":{"line":15,"column":71}},"5":{"start":{"line":16,"column":6},"end":{"line":16,"column":71}},"6":{"start":{"line":20,"column":6},"end":{"line":24,"column":25}},"7":{"start":{"line":21,"column":8},"end":{"line":23,"column":11}},"8":{"start":{"line":28,"column":6},"end":{"line":28,"column":33}},"9":{"start":{"line":29,"column":6},"end":{"line":31,"column":9}},"10":{"start":{"line":35,"column":6},"end":{"line":35,"column":33}},"11":{"start":{"line":39,"column":6},"end":{"line":45,"column":12}},"12":{"start":{"line":49,"column":2},"end":{"line":49,"column":32}},"13":{"start":{"line":51,"column":2},"end":{"line":51,"column":24}}},"fnMap":{"0":{"name":"(anonymous_0)","decl":{"start":{"line":4,"column":22},"end":{"line":4,"column":23}},"loc":{"start":{"line":4,"column":37},"end":{"line":52,"column":1}},"line":4},"1":{"name":"(anonymous_1)","decl":{"start":{"line":6,"column":4},"end":{"line":6,"column":5}},"loc":{"start":{"line":6,"column":23},"end":{"line":17,"column":5}},"line":6},"2":{"name":"(anonymous_2)","decl":{"start":{"line":19,"column":4},"end":{"line":19,"column":5}},"loc":{"start":{"line":19,"column":32},"end":{"line":25,"column":5}},"line":19},"3":{"name":"(anonymous_3)","decl":{"start":{"line":20,"column":32},"end":{"line":20,"column":33}},"loc":{"start":{"line":20,"column":38},"end":{"line":24,"column":7}},"line":20},"4":{"name":"(anonymous_4)","decl":{"start":{"line":27,"column":4},"end":{"line":27,"column":5}},"loc":{"start":{"line":27,"column":27},"end":{"line":32,"column":5}},"line":27},"5":{"name":"(anonymous_5)","decl":{"start":{"line":34,"column":4},"end":{"line":34,"column":5}},"loc":{"start":{"line":34,"column":27},"end":{"line":36,"column":5}},"line":34},"6":{"name":"(anonymous_6)","decl":{"start":{"line":38,"column":4},"end":{"line":38,"column":5}},"loc":{"start":{"line":38,"column":13},"end":{"line":46,"column":5}},"line":38}},"branchMap":{},"s":{"0":4,"1":3,"2":3,"3":3,"4":3,"5":3,"6":1,"7":1,"8":1,"9":1,"10":0,"11":5,"12":5,"13":5},"f":{"0":5,"1":3,"2":1,"3":1,"4":1,"5":0,"6":5},"b":{},"_coverageSchema":"1a1c01bbd47fc00a2c39e90264f33305004495a9","hash":"450bb5a84a35d204522ccdbc18be75f40d8ed0ca"}
,"E:\\HtmlAcademy\\1326685-what-to-watch-4\\src\\hocs\\with-tabs\\with-tabs.js": {"path":"E:\\HtmlAcademy\\1326685-what-to-watch-4\\src\\hocs\\with-tabs\\with-tabs.js","statementMap":{"0":{"start":{"line":4,"column":17},"end":{"line":36,"column":1}},"1":{"start":{"line":7,"column":6},"end":{"line":7,"column":19}},"2":{"start":{"line":9,"column":6},"end":{"line":11,"column":8}},"3":{"start":{"line":13,"column":6},"end":{"line":13,"column":59}},"4":{"start":{"line":17,"column":6},"end":{"line":19,"column":9}},"5":{"start":{"line":24,"column":6},"end":{"line":29,"column":12}},"6":{"start":{"line":33,"column":2},"end":{"line":33,"column":26}},"7":{"start":{"line":35,"column":2},"end":{"line":35,"column":18}}},"fnMap":{"0":{"name":"(anonymous_0)","decl":{"start":{"line":4,"column":17},"end":{"line":4,"column":18}},"loc":{"start":{"line":4,"column":32},"end":{"line":36,"column":1}},"line":4},"1":{"name":"(anonymous_1)","decl":{"start":{"line":6,"column":4},"end":{"line":6,"column":5}},"loc":{"start":{"line":6,"column":23},"end":{"line":14,"column":5}},"line":6},"2":{"name":"(anonymous_2)","decl":{"start":{"line":16,"column":4},"end":{"line":16,"column":5}},"loc":{"start":{"line":16,"column":24},"end":{"line":20,"column":5}},"line":16},"3":{"name":"(anonymous_3)","decl":{"start":{"line":22,"column":4},"end":{"line":22,"column":5}},"loc":{"start":{"line":22,"column":13},"end":{"line":30,"column":5}},"line":22}},"branchMap":{},"s":{"0":3,"1":2,"2":2,"3":2,"4":2,"5":4,"6":3,"7":3},"f":{"0":3,"1":2,"2":2,"3":4},"b":{},"_coverageSchema":"1a1c01bbd47fc00a2c39e90264f33305004495a9","hash":"a7c51414cf0d9b9b7fa5b953b6f009bf3c227808"}
,"E:\\HtmlAcademy\\1326685-what-to-watch-4\\src\\mock\\films.js": {"path":"E:\\HtmlAcademy\\1326685-what-to-watch-4\\src\\mock\\films.js","statementMap":{"0":{"start":{"line":1,"column":19},"end":{"line":139,"column":1}}},"fnMap":{},"branchMap":{},"s":{"0":2},"f":{},"b":{},"_coverageSchema":"1a1c01bbd47fc00a2c39e90264f33305004495a9","hash":"b4167d121fb333da65d1ead9812fb73c91c3b1ac"}
,"E:\\HtmlAcademy\\1326685-what-to-watch-4\\src\\mock\\reviews.js": {"path":"E:\\HtmlAcademy\\1326685-what-to-watch-4\\src\\mock\\reviews.js","statementMap":{"0":{"start":{"line":1,"column":20},"end":{"line":80,"column":1}}},"fnMap":{},"branchMap":{},"s":{"0":2},"f":{},"b":{},"_coverageSchema":"1a1c01bbd47fc00a2c39e90264f33305004495a9","hash":"abdea7c98c364ad831c047259e4df5eeeb3bb747"}
,"E:\\HtmlAcademy\\1326685-what-to-watch-4\\src\\mock\\testing.js": {"path":"E:\\HtmlAcademy\\1326685-what-to-watch-4\\src\\mock\\testing.js","statementMap":{"0":{"start":{"line":1,"column":26},"end":{"line":139,"column":1}},"1":{"start":{"line":141,"column":27},"end":{"line":220,"column":1}},"2":{"start":{"line":222,"column":26},"end":{"line":222,"column":106}}},"fnMap":{},"branchMap":{},"s":{"0":17,"1":17,"2":17},"f":{},"b":{},"_coverageSchema":"1a1c01bbd47fc00a2c39e90264f33305004495a9","hash":"00836fddff9a9611db105d081c3f0e9ace49f303"}
,"E:\\HtmlAcademy\\1326685-what-to-watch-4\\src\\types\\index.js": {"path":"E:\\HtmlAcademy\\1326685-what-to-watch-4\\src\\types\\index.js","statementMap":{"0":{"start":{"line":3,"column":71},"end":{"line":3,"column":80}},"1":{"start":{"line":5,"column":25},"end":{"line":20,"column":2}},"2":{"start":{"line":22,"column":26},"end":{"line":29,"column":2}},"3":{"start":{"line":31,"column":27},"end":{"line":33,"column":1}},"4":{"start":{"line":35,"column":30},"end":{"line":42,"column":1}},"5":{"start":{"line":44,"column":23},"end":{"line":53,"column":1}},"6":{"start":{"line":55,"column":29},"end":{"line":59,"column":1}},"7":{"start":{"line":61,"column":25},"end":{"line":64,"column":1}},"8":{"start":{"line":66,"column":33},"end":{"line":71,"column":1}},"9":{"start":{"line":73,"column":26},"end":{"line":77,"column":1}},"10":{"start":{"line":79,"column":30},"end":{"line":83,"column":1}},"11":{"start":{"line":85,"column":28},"end":{"line":87,"column":1}},"12":{"start":{"line":89,"column":45},"end":{"line":92,"column":1}},"13":{"start":{"line":94,"column":35},"end":{"line":103,"column":1}}},"fnMap":{},"branchMap":{},"s":{"0":16,"1":16,"2":16,"3":16,"4":16,"5":16,"6":16,"7":16,"8":16,"9":16,"10":16,"11":16,"12":16,"13":16},"f":{},"b":{},"_coverageSchema":"1a1c01bbd47fc00a2c39e90264f33305004495a9","hash":"ec0677a0eca34b894538be3a14a4bbb464a5dc0e"}
}
