TN:
SF:src\const.js
FNF:0
FNH:0
DA:1,13
DA:3,13
DA:5,13
DA:6,13
DA:7,13
DA:9,13
DA:11,13
DA:17,13
LF:8
LH:8
BRF:0
BRH:0
end_of_record
TN:
SF:src\reducer.js
FN:6,(anonymous_0)
FN:28,(anonymous_1)
FN:32,(anonymous_2)
FN:36,(anonymous_3)
FN:40,(anonymous_4)
FN:44,(anonymous_5)
FN:48,(anonymous_6)
FN:54,(anonymous_7)
FNF:8
FNH:2
FNDA:18,(anonymous_0)
FNDA:0,(anonymous_1)
FNDA:0,(anonymous_2)
FNDA:0,(anonymous_3)
FNDA:0,(anonymous_4)
FNDA:0,(anonymous_5)
FNDA:0,(anonymous_6)
FNDA:7,(anonymous_7)
DA:6,18
DA:8,2
DA:18,2
DA:27,2
DA:28,0
DA:32,0
DA:36,0
DA:40,0
DA:44,0
DA:48,0
DA:54,2
DA:55,7
DA:57,1
DA:61,1
DA:65,1
DA:69,1
DA:73,1
DA:77,1
DA:82,1
LF:19
LH:13
BRDA:54,0,0,1
BRDA:55,1,0,1
BRDA:55,1,1,1
BRDA:55,1,2,1
BRDA:55,1,3,1
BRDA:55,1,4,1
BRDA:55,1,5,1
BRF:7
BRH:7
end_of_record
TN:
SF:src\utils.js
FN:3,(anonymous_0)
FN:10,(anonymous_1)
FN:14,(anonymous_2)
FN:15,(anonymous_3)
FNF:4
FNH:4
FNDA:10,(anonymous_0)
FNDA:6,(anonymous_1)
FNDA:2,(anonymous_2)
FNDA:18,(anonymous_3)
DA:3,6
DA:4,10
DA:5,10
DA:10,6
DA:11,6
DA:14,6
DA:15,18
LF:7
LH:7
BRDA:15,0,0,18
BRDA:15,0,1,2
BRF:2
BRH:2
end_of_record
TN:
SF:src\components\app\app.jsx
FN:14,(anonymous_0)
FN:59,(anonymous_1)
FN:91,(anonymous_2)
FN:100,(anonymous_3)
FN:101,(anonymous_4)
FN:104,(anonymous_5)
FN:108,(anonymous_6)
FN:111,(anonymous_7)
FN:114,(anonymous_8)
FNF:9
FNH:2
FNDA:1,(anonymous_0)
FNDA:1,(anonymous_1)
FNDA:0,(anonymous_2)
FNDA:0,(anonymous_3)
FNDA:0,(anonymous_4)
FNDA:0,(anonymous_5)
FNDA:0,(anonymous_6)
FNDA:0,(anonymous_7)
FNDA:0,(anonymous_8)
DA:11,1
DA:15,1
DA:17,1
DA:18,0
DA:20,0
DA:28,1
DA:29,0
DA:44,1
DA:45,0
DA:56,1
DA:60,1
DA:62,1
DA:89,1
DA:91,1
DA:100,1
DA:102,0
DA:105,0
DA:106,0
DA:109,0
DA:112,0
DA:115,0
LF:21
LH:11
BRDA:17,0,0,0
BRDA:17,0,1,1
BRDA:18,1,0,0
BRDA:18,1,1,0
BRDA:28,2,0,0
BRDA:28,2,1,1
BRDA:44,3,0,0
BRDA:44,3,1,1
BRF:8
BRH:3
end_of_record
TN:
SF:src\components\full-screen-video-player\full-screen-video-player.jsx
FN:4,(anonymous_0)
FN:21,(anonymous_1)
FN:30,(anonymous_2)
FN:54,(anonymous_3)
FN:76,(anonymous_4)
FNF:5
FNH:5
FNDA:4,(anonymous_0)
FNDA:4,(anonymous_1)
FNDA:1,(anonymous_2)
FNDA:1,(anonymous_3)
FNDA:1,(anonymous_4)
DA:4,3
DA:5,4
DA:6,4
DA:7,4
DA:8,4
DA:10,4
DA:11,4
DA:14,4
DA:15,4
DA:18,4
DA:21,3
DA:22,4
DA:24,4
DA:30,1
DA:54,1
DA:76,1
DA:89,3
LF:17
LH:17
BRDA:10,0,0,4
BRDA:10,0,1,0
BRDA:14,1,0,4
BRDA:14,1,1,0
BRDA:56,2,0,4
BRDA:56,2,1,0
BRF:6
BRH:3
end_of_record
TN:
SF:src\components\genre-item\genre-item.jsx
FN:4,(anonymous_0)
FN:11,(anonymous_1)
FNF:2
FNH:1
FNDA:15,(anonymous_0)
FNDA:0,(anonymous_1)
DA:4,4
DA:5,15
DA:7,15
DA:12,0
DA:13,0
DA:21,4
LF:6
LH:4
BRDA:9,0,0,3
BRDA:9,0,1,12
BRF:2
BRH:2
end_of_record
TN:
SF:src\components\genres-list\genres-list.jsx
FN:5,(anonymous_0)
FN:10,(anonymous_1)
FNF:2
FNH:2
FNDA:2,(anonymous_0)
FNDA:14,(anonymous_1)
DA:5,3
DA:6,2
DA:8,2
DA:11,14
DA:24,3
LF:5
LH:5
BRF:0
BRH:0
end_of_record
TN:
SF:src\components\main\main.jsx
FN:12,(anonymous_0)
FN:58,(anonymous_1)
FNF:2
FNH:1
FNDA:1,(anonymous_0)
FNDA:0,(anonymous_1)
DA:10,2
DA:12,2
DA:13,1
DA:14,1
DA:15,1
DA:16,1
DA:18,1
DA:58,0
DA:120,2
LF:9
LH:8
BRDA:16,0,0,1
BRDA:16,0,1,0
BRDA:93,1,0,1
BRDA:93,1,1,0
BRF:4
BRH:2
end_of_record
TN:
SF:src\components\movie-card\movie-card.jsx
FN:5,(anonymous_0)
FN:13,(anonymous_1)
FN:14,(anonymous_2)
FN:15,(anonymous_3)
FN:28,(anonymous_4)
FNF:5
FNH:5
FNDA:22,(anonymous_0)
FNDA:1,(anonymous_1)
FNDA:1,(anonymous_2)
FNDA:1,(anonymous_3)
FNDA:1,(anonymous_4)
DA:5,6
DA:6,22
DA:7,22
DA:9,22
DA:13,1
DA:14,1
DA:15,1
DA:29,1
DA:30,1
DA:39,6
LF:10
LH:10
BRDA:16,0,0,1
BRDA:16,0,1,21
BRF:2
BRH:2
end_of_record
TN:
SF:src\components\movie-page\movie-page.jsx
FN:13,(anonymous_0)
FN:54,(anonymous_1)
FNF:2
FNH:1
FNDA:1,(anonymous_0)
FNDA:0,(anonymous_1)
DA:10,2
DA:11,2
DA:13,2
DA:14,1
DA:15,1
DA:16,1
DA:18,1
DA:54,0
DA:118,2
LF:9
LH:8
BRF:0
BRH:0
end_of_record
TN:
SF:src\components\movies-list\movies-list.jsx
FN:5,(anonymous_0)
FN:11,(anonymous_1)
FNF:2
FNH:2
FNDA:3,(anonymous_0)
FNDA:18,(anonymous_1)
DA:5,4
DA:6,3
DA:7,3
DA:9,3
DA:12,18
DA:25,4
LF:6
LH:6
BRF:0
BRH:0
end_of_record
TN:
SF:src\components\reviews\reviews.jsx
FN:5,(anonymous_0)
FN:11,(anonymous_1)
FNF:2
FNH:2
FNDA:1,(anonymous_0)
FNDA:10,(anonymous_1)
DA:5,4
DA:6,1
DA:8,1
DA:12,10
DA:34,4
LF:5
LH:5
BRF:0
BRH:0
end_of_record
TN:
SF:src\components\show-more\show-more.jsx
FN:4,(anonymous_0)
FN:10,(anonymous_1)
FNF:2
FNH:1
FNDA:2,(anonymous_0)
FNDA:0,(anonymous_1)
DA:4,3
DA:5,2
DA:7,2
DA:10,0
DA:16,3
LF:5
LH:4
BRF:0
BRH:0
end_of_record
TN:
SF:src\components\tabs\tabs.jsx
FN:7,(anonymous_0)
FN:11,(anonymous_1)
FN:12,(anonymous_2)
FN:15,(anonymous_3)
FN:51,(anonymous_4)
FN:103,(anonymous_5)
FN:106,(anonymous_6)
FN:126,(anonymous_7)
FNF:8
FNH:4
FNDA:2,(anonymous_0)
FNDA:0,(anonymous_1)
FNDA:0,(anonymous_2)
FNDA:2,(anonymous_3)
FNDA:0,(anonymous_4)
FNDA:6,(anonymous_5)
FNDA:0,(anonymous_6)
FNDA:1,(anonymous_7)
DA:7,3
DA:8,2
DA:9,2
DA:11,2
DA:12,0
DA:15,2
DA:16,2
DA:18,2
DA:20,2
DA:40,0
DA:52,0
DA:79,0
DA:80,0
DA:82,0
DA:95,0
DA:99,2
DA:104,6
DA:107,0
DA:108,0
DA:124,3
DA:126,3
LF:21
LH:12
BRDA:18,0,0,2
BRDA:18,0,1,0
BRDA:18,0,2,0
BRDA:18,0,3,0
BRDA:112,1,0,2
BRDA:112,1,1,4
BRF:6
BRH:3
end_of_record
TN:
SF:src\components\video-player\video-player.jsx
FN:6,(anonymous_0)
FN:12,(anonymous_1)
FN:21,(anonymous_2)
FN:29,(anonymous_3)
FNF:4
FNH:3
FNDA:2,(anonymous_0)
FNDA:2,(anonymous_1)
FNDA:0,(anonymous_2)
FNDA:2,(anonymous_3)
DA:7,2
DA:9,2
DA:13,2
DA:14,2
DA:16,2
DA:17,2
DA:18,2
DA:22,0
DA:24,0
DA:25,0
DA:26,0
DA:30,2
DA:40,7
LF:13
LH:9
BRF:0
BRH:0
end_of_record
TN:
SF:src\hocs\with-full-screen-video-player\with-full-screen-video-player.js
FN:4,(anonymous_0)
FN:6,(anonymous_1)
FN:22,(anonymous_2)
FN:30,(anonymous_3)
FN:37,(anonymous_4)
FN:45,(anonymous_5)
FN:56,(anonymous_6)
FN:64,(anonymous_7)
FN:70,(anonymous_8)
FNF:9
FNH:7
FNDA:3,(anonymous_0)
FNDA:5,(anonymous_1)
FNDA:9,(anonymous_2)
FNDA:0,(anonymous_3)
FNDA:0,(anonymous_4)
FNDA:5,(anonymous_5)
FNDA:3,(anonymous_6)
FNDA:1,(anonymous_7)
FNDA:8,(anonymous_8)
DA:4,3
DA:7,5
DA:9,5
DA:16,5
DA:18,5
DA:19,5
DA:23,9
DA:24,9
DA:25,9
DA:27,9
DA:28,9
DA:30,9
DA:38,0
DA:40,0
DA:41,0
DA:42,0
DA:46,5
DA:47,5
DA:49,5
DA:50,3
DA:52,2
DA:57,3
DA:59,3
DA:65,1
DA:66,1
DA:67,1
DA:71,8
DA:73,8
DA:94,3
DA:96,3
LF:30
LH:26
BRDA:49,0,0,3
BRDA:49,0,1,2
BRDA:66,1,0,1
BRDA:66,1,1,0
BRDA:66,1,2,0
BRDA:66,1,3,0
BRF:6
BRH:3
end_of_record
TN:
SF:src\hocs\with-movies-list\with-movies-list.js
FN:4,(anonymous_0)
FN:6,(anonymous_1)
FN:19,(anonymous_2)
FN:20,(anonymous_3)
FN:27,(anonymous_4)
FN:34,(anonymous_5)
FN:38,(anonymous_6)
FNF:7
FNH:6
FNDA:5,(anonymous_0)
FNDA:3,(anonymous_1)
FNDA:1,(anonymous_2)
FNDA:1,(anonymous_3)
FNDA:1,(anonymous_4)
FNDA:0,(anonymous_5)
FNDA:5,(anonymous_6)
DA:4,4
DA:7,3
DA:9,3
DA:11,3
DA:15,3
DA:16,3
DA:20,1
DA:21,1
DA:28,1
DA:29,1
DA:35,0
DA:39,5
DA:49,5
DA:51,5
LF:14
LH:13
BRF:0
BRH:0
end_of_record
TN:
SF:src\hocs\with-tabs\with-tabs.js
FN:4,(anonymous_0)
FN:6,(anonymous_1)
FN:16,(anonymous_2)
FN:22,(anonymous_3)
FNF:4
FNH:4
FNDA:3,(anonymous_0)
FNDA:2,(anonymous_1)
FNDA:2,(anonymous_2)
FNDA:4,(anonymous_3)
DA:4,3
DA:7,2
DA:9,2
DA:13,2
DA:17,2
DA:24,4
DA:33,3
DA:35,3
LF:8
LH:8
BRF:0
BRH:0
end_of_record
TN:
SF:src\mock\films.js
FNF:0
FNH:0
DA:1,2
LF:1
LH:1
BRF:0
BRH:0
end_of_record
TN:
SF:src\mock\reviews.js
FNF:0
FNH:0
DA:1,2
LF:1
LH:1
BRF:0
BRH:0
end_of_record
TN:
SF:src\mock\testing.js
FNF:0
FNH:0
DA:1,17
DA:141,17
DA:222,17
LF:3
LH:3
BRF:0
BRH:0
end_of_record
TN:
SF:src\types\index.js
FNF:0
FNH:0
DA:3,16
DA:5,16
DA:22,16
DA:31,16
DA:35,16
DA:44,16
DA:55,16
DA:61,16
DA:66,16
DA:73,16
DA:79,16
DA:85,16
DA:89,16
DA:94,16
LF:14
LH:14
BRF:0
BRH:0
end_of_record
